#
# There is insufficient memory for the Java Runtime Environment to continue.
# Native memory allocation (malloc) failed to allocate 661776 bytes for Chunk::new
# Possible reasons:
#   The system is out of physical RAM or swap space
#   The process is running with CompressedOops enabled, and the Java Heap may be blocking the growth of the native heap
# Possible solutions:
#   Reduce memory load on the system
#   Increase physical memory or swap space
#   Check if swap backing store is full
#   Decrease Java heap size (-Xmx/-Xms)
#   Decrease number of Java threads
#   Decrease Java thread stack sizes (-Xss)
#   Set larger code cache with -XX:ReservedCodeCacheSize=
#   JVM is running with Zero Based Compressed Oops mode in which the Java heap is
#     placed in the first 32GB address space. The Java Heap base address is the
#     maximum limit for the native heap growth. Please use -XX:HeapBaseMinAddress
#     to set the Java Heap base and to place the Java Heap above 32GB virtual address.
# This output file may be truncated or incomplete.
#
#  Out of Memory Error (./src/hotspot/share/memory/arena.cpp:197), pid=2368, tid=4284
#
# JRE version: OpenJDK Runtime Environment (11.0.8+10) (build 11.0.8+10-b944.6842174)
# Java VM: OpenJDK 64-Bit Server VM (11.0.8+10-b944.6842174, mixed mode, tiered, compressed oops, g1 gc, windows-amd64)
# No core dump will be written. Minidumps are not enabled by default on client versions of Windows
#

---------------  S U M M A R Y ------------

Command Line: org.jetbrains.kotlin.cli.jvm.K2JVMCompiler @C:\Users\apurv-11618\AndroidStudioProjects\ZOLX\app\build\20220128_9872012846482246999.compiler.options

Host: Intel(R) Core(TM) i7-9850H CPU @ 2.60GHz, 12 cores, 15G,  Windows 10 , 64 bit Build 18362 (10.0.18362.1500)
Time: Fri Jan 28 10:31:46 2022 India Standard Time elapsed time: 4 seconds (0d 0h 0m 4s)

---------------  T H R E A D  ---------------

Current thread (0x00000252f077d000):  JavaThread "C2 CompilerThread1" daemon [_thread_in_native, id=4284, stack(0x000000b517900000,0x000000b517a00000)]


Current CompileTask:
C2:   4479 3255       4       org.jetbrains.kotlin.parsing.SemanticWhitespaceAwarePsiBuilderImpl::getTokenType (22 bytes)

Stack: [0x000000b517900000,0x000000b517a00000]
Native frames: (J=compiled Java code, j=interpreted, Vv=VM code, C=native code)
V  [jvm.dll+0x5de50a]
V  [jvm.dll+0x7122f5]
V  [jvm.dll+0x71384d]
V  [jvm.dll+0x713f03]
V  [jvm.dll+0x23e728]
V  [jvm.dll+0xb899c]
V  [jvm.dll+0xb8e9c]
V  [jvm.dll+0x35024d]
V  [jvm.dll+0x31dea3]
V  [jvm.dll+0x31d39a]
V  [jvm.dll+0x1f7702]
V  [jvm.dll+0x1f68d4]
V  [jvm.dll+0x17f32c]
V  [jvm.dll+0x205047]
V  [jvm.dll+0x203891]
V  [jvm.dll+0x6dad3f]
V  [jvm.dll+0x6d3895]
V  [jvm.dll+0x5dd4a6]
C  [ucrtbase.dll+0x210b2]
C  [KERNEL32.DLL+0x17c24]
C  [ntdll.dll+0x6d721]


---------------  P R O C E S S  ---------------

Threads class SMR info:
_java_thread_list=0x00000252f0e93b70, length=12, elements={
0x00000252cec0c800, 0x00000252efcf3000, 0x00000252efd01000, 0x00000252efd07000,
0x00000252efd0a000, 0x00000252efd0e800, 0x00000252f0618800, 0x00000252f0619800,
0x00000252f0776800, 0x00000252f0780000, 0x00000252f077d000, 0x00000252f1d62800
}

Java Threads: ( => current thread )
  0x00000252cec0c800 JavaThread "main" [_thread_in_Java, id=6988, stack(0x000000b516800000,0x000000b516900000)]
  0x00000252efcf3000 JavaThread "Reference Handler" daemon [_thread_blocked, id=26720, stack(0x000000b516f00000,0x000000b517000000)]
  0x00000252efd01000 JavaThread "Finalizer" daemon [_thread_blocked, id=30652, stack(0x000000b517000000,0x000000b517100000)]
  0x00000252efd07000 JavaThread "Signal Dispatcher" daemon [_thread_blocked, id=29916, stack(0x000000b517100000,0x000000b517200000)]
  0x00000252efd0a000 JavaThread "Attach Listener" daemon [_thread_blocked, id=12468, stack(0x000000b517200000,0x000000b517300000)]
  0x00000252efd0e800 JavaThread "C2 CompilerThread0" daemon [_thread_in_native, id=22660, stack(0x000000b517300000,0x000000b517400000)]
  0x00000252f0618800 JavaThread "C1 CompilerThread0" daemon [_thread_in_native, id=23992, stack(0x000000b517400000,0x000000b517500000)]
  0x00000252f0619800 JavaThread "Sweeper thread" daemon [_thread_blocked, id=28328, stack(0x000000b517500000,0x000000b517600000)]
  0x00000252f0776800 JavaThread "Service Thread" daemon [_thread_blocked, id=28112, stack(0x000000b517600000,0x000000b517700000)]
  0x00000252f0780000 JavaThread "Common-Cleaner" daemon [_thread_blocked, id=21680, stack(0x000000b517800000,0x000000b517900000)]
=>0x00000252f077d000 JavaThread "C2 CompilerThread1" daemon [_thread_in_native, id=4284, stack(0x000000b517900000,0x000000b517a00000)]
  0x00000252f1d62800 JavaThread "C2 CompilerThread2" daemon [_thread_in_native, id=27932, stack(0x000000b517a00000,0x000000b517b00000)]

Other Threads:
  0x00000252f05b6800 VMThread "VM Thread" [stack: 0x000000b516e00000,0x000000b516f00000] [id=2228]
  0x00000252f0778800 WatcherThread [stack: 0x000000b517700000,0x000000b517800000] [id=30640]
  0x00000252cec25800 GCTaskThread "GC Thread#0" [stack: 0x000000b516900000,0x000000b516a00000] [id=6760]
  0x00000252f0ec2800 GCTaskThread "GC Thread#1" [stack: 0x000000b517b00000,0x000000b517c00000] [id=14872]
  0x00000252f0ec3000 GCTaskThread "GC Thread#2" [stack: 0x000000b517c00000,0x000000b517d00000] [id=18552]
  0x00000252f0bbe000 GCTaskThread "GC Thread#3" [stack: 0x000000b517d00000,0x000000b517e00000] [id=7504]
  0x00000252f0bbf000 GCTaskThread "GC Thread#4" [stack: 0x000000b517e00000,0x000000b517f00000] [id=16812]
  0x00000252f0eb5800 GCTaskThread "GC Thread#5" [stack: 0x000000b517f00000,0x000000b518000000] [id=26668]
  0x00000252cec81000 ConcurrentGCThread "G1 Main Marker" [stack: 0x000000b516a00000,0x000000b516b00000] [id=28608]
  0x00000252cec82800 ConcurrentGCThread "G1 Conc#0" [stack: 0x000000b516b00000,0x000000b516c00000] [id=21364]
  0x00000252f0eda800 ConcurrentGCThread "G1 Conc#1" [stack: 0x000000b518000000,0x000000b518100000] [id=27888]
  0x00000252f120b800 ConcurrentGCThread "G1 Conc#2" [stack: 0x000000b518100000,0x000000b518200000] [id=17828]
  0x00000252efbde800 ConcurrentGCThread "G1 Refine#0" [stack: 0x000000b516c00000,0x000000b516d00000] [id=7196]
  0x00000252f24a0000 ConcurrentGCThread "G1 Refine#1" [stack: 0x000000b518200000,0x000000b518300000] [id=11220]
  0x00000252f192c800 ConcurrentGCThread "G1 Refine#2" [stack: 0x000000b518300000,0x000000b518400000] [id=9696]
  0x00000252f11af000 ConcurrentGCThread "G1 Refine#3" [stack: 0x000000b518400000,0x000000b518500000] [id=22512]
  0x00000252efbdf800 ConcurrentGCThread "G1 Young RemSet Sampling" [stack: 0x000000b516d00000,0x000000b516e00000] [id=31472]

Threads with active compile tasks:
C2 CompilerThread0   4511 3349       4       org.jetbrains.kotlin.lexer._JetLexer::advance (2227 bytes)
C1 CompilerThread0   4511 3385       3       org.jetbrains.kotlin.parsing.KotlinParsing::recoverOnPlatformTypeSuffix (29 bytes)
C2 CompilerThread1   4511 3255       4       org.jetbrains.kotlin.parsing.SemanticWhitespaceAwarePsiBuilderImpl::getTokenType (22 bytes)
C2 CompilerThread2   4511 3359       4       org.jetbrains.kotlin.com.intellij.lang.impl.PsiBuilderImpl::skipWhitespace (98 bytes)

VM state:not at safepoint (normal execution)

VM Mutex/Monitor currently owned by a thread: None

Heap address: 0x0000000704600000, size: 4026 MB, Compressed Oops mode: Zero based, Oop shift amount: 3
Narrow klass base: 0x0000000800000000, Narrow klass shift: 0
Compressed class space size: 1073741824 Address: 0x0000000800000000

Heap:
 garbage-first heap   total 258048K, used 59801K [0x0000000704600000, 0x0000000800000000)
  region size 1024K, 37 young (37888K), 2 survivors (2048K)
 Metaspace       used 42338K, capacity 42819K, committed 43052K, reserved 1089536K
  class space    used 4956K, capacity 5139K, committed 5248K, reserved 1048576K
Heap Regions: E=young(eden), S=young(survivor), O=old, HS=humongous(starts), HC=humongous(continues), CS=collection set, F=free, A=archive, TAMS=top-at-mark-start (previous, next)
|   0|0x0000000704600000, 0x0000000704700000, 0x0000000704700000|100%|HS|  |TAMS 0x0000000704700000, 0x0000000704600000| Complete 
|   1|0x0000000704700000, 0x0000000704800000, 0x0000000704800000|100%|HC|  |TAMS 0x0000000704800000, 0x0000000704700000| Complete 
|   2|0x0000000704800000, 0x0000000704900000, 0x0000000704900000|100%|HC|  |TAMS 0x0000000704900000, 0x0000000704800000| Complete 
|   3|0x0000000704900000, 0x0000000704a00000, 0x0000000704a00000|100%|HS|  |TAMS 0x0000000704a00000, 0x0000000704900000| Complete 
|   4|0x0000000704a00000, 0x0000000704b00000, 0x0000000704b00000|100%|HC|  |TAMS 0x0000000704b00000, 0x0000000704a00000| Complete 
|   5|0x0000000704b00000, 0x0000000704c00000, 0x0000000704c00000|100%|HC|  |TAMS 0x0000000704c00000, 0x0000000704b00000| Complete 
|   6|0x0000000704c00000, 0x0000000704d00000, 0x0000000704d00000|100%|HS|  |TAMS 0x0000000704d00000, 0x0000000704c00000| Complete 
|   7|0x0000000704d00000, 0x0000000704e00000, 0x0000000704e00000|100%|HC|  |TAMS 0x0000000704e00000, 0x0000000704d00000| Complete 
|   8|0x0000000704e00000, 0x0000000704f00000, 0x0000000704f00000|100%|HC|  |TAMS 0x0000000704f00000, 0x0000000704e00000| Complete 
|   9|0x0000000704f00000, 0x0000000704f00000, 0x0000000705000000|  0%| F|  |TAMS 0x0000000704f00000, 0x0000000704f00000| Untracked 
|  10|0x0000000705000000, 0x0000000705000000, 0x0000000705100000|  0%| F|  |TAMS 0x0000000705000000, 0x0000000705000000| Untracked 
|  11|0x0000000705100000, 0x0000000705200000, 0x0000000705200000|100%| O|  |TAMS 0x0000000705200000, 0x0000000705100000| Untracked 
|  12|0x0000000705200000, 0x0000000705300000, 0x0000000705300000|100%| O|  |TAMS 0x0000000705300000, 0x0000000705200000| Untracked 
|  13|0x0000000705300000, 0x0000000705400000, 0x0000000705400000|100%| O|  |TAMS 0x0000000705400000, 0x0000000705300000| Untracked 
|  14|0x0000000705400000, 0x0000000705500000, 0x0000000705500000|100%| O|  |TAMS 0x0000000705500000, 0x0000000705400000| Untracked 
|  15|0x0000000705500000, 0x0000000705600000, 0x0000000705600000|100%| O|  |TAMS 0x0000000705600000, 0x0000000705500000| Untracked 
|  16|0x0000000705600000, 0x0000000705700000, 0x0000000705700000|100%| O|  |TAMS 0x0000000705700000, 0x0000000705600000| Untracked 
|  17|0x0000000705700000, 0x0000000705700000, 0x0000000705800000|  0%| F|  |TAMS 0x0000000705700000, 0x0000000705700000| Untracked 
|  18|0x0000000705800000, 0x0000000705800000, 0x0000000705900000|  0%| F|  |TAMS 0x0000000705800000, 0x0000000705800000| Untracked 
|  19|0x0000000705900000, 0x0000000705a00000, 0x0000000705a00000|100%| O|  |TAMS 0x0000000705a00000, 0x0000000705900000| Untracked 
|  20|0x0000000705a00000, 0x0000000705b00000, 0x0000000705b00000|100%| O|  |TAMS 0x0000000705b00000, 0x0000000705a00000| Untracked 
|  21|0x0000000705b00000, 0x0000000705c00000, 0x0000000705c00000|100%| O|  |TAMS 0x0000000705c00000, 0x0000000705b00000| Untracked 
|  22|0x0000000705c00000, 0x0000000705d00000, 0x0000000705d00000|100%| O|  |TAMS 0x0000000705d00000, 0x0000000705c00000| Untracked 
|  23|0x0000000705d00000, 0x0000000705e00000, 0x0000000705e00000|100%| O|  |TAMS 0x0000000705e00000, 0x0000000705d00000| Untracked 
|  24|0x0000000705e00000, 0x0000000705f00000, 0x0000000705f00000|100%| O|  |TAMS 0x0000000705f00000, 0x0000000705e00000| Untracked 
|  25|0x0000000705f00000, 0x0000000706000000, 0x0000000706000000|100%| O|  |TAMS 0x0000000706000000, 0x0000000705f00000| Untracked 
|  26|0x0000000706000000, 0x0000000706066800, 0x0000000706100000| 40%| O|  |TAMS 0x0000000706066800, 0x0000000706000000| Untracked 
|  27|0x0000000706100000, 0x0000000706100000, 0x0000000706200000|  0%| F|  |TAMS 0x0000000706100000, 0x0000000706100000| Untracked 
|  28|0x0000000706200000, 0x0000000706200000, 0x0000000706300000|  0%| F|  |TAMS 0x0000000706200000, 0x0000000706200000| Untracked 
|  29|0x0000000706300000, 0x0000000706300000, 0x0000000706400000|  0%| F|  |TAMS 0x0000000706300000, 0x0000000706300000| Untracked 
|  30|0x0000000706400000, 0x0000000706400000, 0x0000000706500000|  0%| F|  |TAMS 0x0000000706400000, 0x0000000706400000| Untracked 
|  31|0x0000000706500000, 0x0000000706500000, 0x0000000706600000|  0%| F|  |TAMS 0x0000000706500000, 0x0000000706500000| Untracked 
|  32|0x0000000706600000, 0x0000000706600000, 0x0000000706700000|  0%| F|  |TAMS 0x0000000706600000, 0x0000000706600000| Untracked 
|  33|0x0000000706700000, 0x0000000706700000, 0x0000000706800000|  0%| F|  |TAMS 0x0000000706700000, 0x0000000706700000| Untracked 
|  34|0x0000000706800000, 0x0000000706800000, 0x0000000706900000|  0%| F|  |TAMS 0x0000000706800000, 0x0000000706800000| Untracked 
|  35|0x0000000706900000, 0x0000000706900000, 0x0000000706a00000|  0%| F|  |TAMS 0x0000000706900000, 0x0000000706900000| Untracked 
|  36|0x0000000706a00000, 0x0000000706a00000, 0x0000000706b00000|  0%| F|  |TAMS 0x0000000706a00000, 0x0000000706a00000| Untracked 
|  37|0x0000000706b00000, 0x0000000706b00000, 0x0000000706c00000|  0%| F|  |TAMS 0x0000000706b00000, 0x0000000706b00000| Untracked 
|  38|0x0000000706c00000, 0x0000000706c00000, 0x0000000706d00000|  0%| F|  |TAMS 0x0000000706c00000, 0x0000000706c00000| Untracked 
|  39|0x0000000706d00000, 0x0000000706d00000, 0x0000000706e00000|  0%| F|  |TAMS 0x0000000706d00000, 0x0000000706d00000| Untracked 
|  40|0x0000000706e00000, 0x0000000706e00000, 0x0000000706f00000|  0%| F|  |TAMS 0x0000000706e00000, 0x0000000706e00000| Untracked 
|  41|0x0000000706f00000, 0x0000000706f00000, 0x0000000707000000|  0%| F|  |TAMS 0x0000000706f00000, 0x0000000706f00000| Untracked 
|  42|0x0000000707000000, 0x0000000707000000, 0x0000000707100000|  0%| F|  |TAMS 0x0000000707000000, 0x0000000707000000| Untracked 
|  43|0x0000000707100000, 0x0000000707100000, 0x0000000707200000|  0%| F|  |TAMS 0x0000000707100000, 0x0000000707100000| Untracked 
|  44|0x0000000707200000, 0x0000000707200000, 0x0000000707300000|  0%| F|  |TAMS 0x0000000707200000, 0x0000000707200000| Untracked 
|  45|0x0000000707300000, 0x0000000707300000, 0x0000000707400000|  0%| F|  |TAMS 0x0000000707300000, 0x0000000707300000| Untracked 
|  46|0x0000000707400000, 0x0000000707400000, 0x0000000707500000|  0%| F|  |TAMS 0x0000000707400000, 0x0000000707400000| Untracked 
|  47|0x0000000707500000, 0x0000000707500000, 0x0000000707600000|  0%| F|  |TAMS 0x0000000707500000, 0x0000000707500000| Untracked 
|  48|0x0000000707600000, 0x0000000707600000, 0x0000000707700000|  0%| F|  |TAMS 0x0000000707600000, 0x0000000707600000| Untracked 
|  49|0x0000000707700000, 0x0000000707700000, 0x0000000707800000|  0%| F|  |TAMS 0x0000000707700000, 0x0000000707700000| Untracked 
|  50|0x0000000707800000, 0x0000000707800000, 0x0000000707900000|  0%| F|  |TAMS 0x0000000707800000, 0x0000000707800000| Untracked 
|  51|0x0000000707900000, 0x0000000707900000, 0x0000000707a00000|  0%| F|  |TAMS 0x0000000707900000, 0x0000000707900000| Untracked 
|  52|0x0000000707a00000, 0x0000000707a00000, 0x0000000707b00000|  0%| F|  |TAMS 0x0000000707a00000, 0x0000000707a00000| Untracked 
|  53|0x0000000707b00000, 0x0000000707b00000, 0x0000000707c00000|  0%| F|  |TAMS 0x0000000707b00000, 0x0000000707b00000| Untracked 
|  54|0x0000000707c00000, 0x0000000707c00000, 0x0000000707d00000|  0%| F|  |TAMS 0x0000000707c00000, 0x0000000707c00000| Untracked 
|  55|0x0000000707d00000, 0x0000000707d00000, 0x0000000707e00000|  0%| F|  |TAMS 0x0000000707d00000, 0x0000000707d00000| Untracked 
|  56|0x0000000707e00000, 0x0000000707e00000, 0x0000000707f00000|  0%| F|  |TAMS 0x0000000707e00000, 0x0000000707e00000| Untracked 
|  57|0x0000000707f00000, 0x0000000707f00000, 0x0000000708000000|  0%| F|  |TAMS 0x0000000707f00000, 0x0000000707f00000| Untracked 
|  58|0x0000000708000000, 0x0000000708000000, 0x0000000708100000|  0%| F|  |TAMS 0x0000000708000000, 0x0000000708000000| Untracked 
|  59|0x0000000708100000, 0x0000000708100000, 0x0000000708200000|  0%| F|  |TAMS 0x0000000708100000, 0x0000000708100000| Untracked 
|  60|0x0000000708200000, 0x0000000708200000, 0x0000000708300000|  0%| F|  |TAMS 0x0000000708200000, 0x0000000708200000| Untracked 
|  61|0x0000000708300000, 0x0000000708300000, 0x0000000708400000|  0%| F|  |TAMS 0x0000000708300000, 0x0000000708300000| Untracked 
|  62|0x0000000708400000, 0x0000000708400000, 0x0000000708500000|  0%| F|  |TAMS 0x0000000708400000, 0x0000000708400000| Untracked 
|  63|0x0000000708500000, 0x0000000708500000, 0x0000000708600000|  0%| F|  |TAMS 0x0000000708500000, 0x0000000708500000| Untracked 
|  64|0x0000000708600000, 0x0000000708600000, 0x0000000708700000|  0%| F|  |TAMS 0x0000000708600000, 0x0000000708600000| Untracked 
|  65|0x0000000708700000, 0x0000000708700000, 0x0000000708800000|  0%| F|  |TAMS 0x0000000708700000, 0x0000000708700000| Untracked 
|  66|0x0000000708800000, 0x0000000708800000, 0x0000000708900000|  0%| F|  |TAMS 0x0000000708800000, 0x0000000708800000| Untracked 
|  67|0x0000000708900000, 0x0000000708900000, 0x0000000708a00000|  0%| F|  |TAMS 0x0000000708900000, 0x0000000708900000| Untracked 
|  68|0x0000000708a00000, 0x0000000708a00000, 0x0000000708b00000|  0%| F|  |TAMS 0x0000000708a00000, 0x0000000708a00000| Untracked 
|  69|0x0000000708b00000, 0x0000000708b00000, 0x0000000708c00000|  0%| F|  |TAMS 0x0000000708b00000, 0x0000000708b00000| Untracked 
|  70|0x0000000708c00000, 0x0000000708c00000, 0x0000000708d00000|  0%| F|  |TAMS 0x0000000708c00000, 0x0000000708c00000| Untracked 
|  71|0x0000000708d00000, 0x0000000708d00000, 0x0000000708e00000|  0%| F|  |TAMS 0x0000000708d00000, 0x0000000708d00000| Untracked 
|  72|0x0000000708e00000, 0x0000000708e00000, 0x0000000708f00000|  0%| F|  |TAMS 0x0000000708e00000, 0x0000000708e00000| Untracked 
|  73|0x0000000708f00000, 0x0000000708f00000, 0x0000000709000000|  0%| F|  |TAMS 0x0000000708f00000, 0x0000000708f00000| Untracked 
|  74|0x0000000709000000, 0x0000000709000000, 0x0000000709100000|  0%| F|  |TAMS 0x0000000709000000, 0x0000000709000000| Untracked 
|  75|0x0000000709100000, 0x0000000709100000, 0x0000000709200000|  0%| F|  |TAMS 0x0000000709100000, 0x0000000709100000| Untracked 
|  76|0x0000000709200000, 0x0000000709200000, 0x0000000709300000|  0%| F|  |TAMS 0x0000000709200000, 0x0000000709200000| Untracked 
|  77|0x0000000709300000, 0x0000000709300000, 0x0000000709400000|  0%| F|  |TAMS 0x0000000709300000, 0x0000000709300000| Untracked 
|  78|0x0000000709400000, 0x0000000709400000, 0x0000000709500000|  0%| F|  |TAMS 0x0000000709400000, 0x0000000709400000| Untracked 
|  79|0x0000000709500000, 0x0000000709500000, 0x0000000709600000|  0%| F|  |TAMS 0x0000000709500000, 0x0000000709500000| Untracked 
|  80|0x0000000709600000, 0x0000000709600000, 0x0000000709700000|  0%| F|  |TAMS 0x0000000709600000, 0x0000000709600000| Untracked 
|  81|0x0000000709700000, 0x0000000709700000, 0x0000000709800000|  0%| F|  |TAMS 0x0000000709700000, 0x0000000709700000| Untracked 
|  82|0x0000000709800000, 0x0000000709800000, 0x0000000709900000|  0%| F|  |TAMS 0x0000000709800000, 0x0000000709800000| Untracked 
|  83|0x0000000709900000, 0x0000000709900000, 0x0000000709a00000|  0%| F|  |TAMS 0x0000000709900000, 0x0000000709900000| Untracked 
|  84|0x0000000709a00000, 0x0000000709a00000, 0x0000000709b00000|  0%| F|  |TAMS 0x0000000709a00000, 0x0000000709a00000| Untracked 
|  85|0x0000000709b00000, 0x0000000709b00000, 0x0000000709c00000|  0%| F|  |TAMS 0x0000000709b00000, 0x0000000709b00000| Untracked 
|  86|0x0000000709c00000, 0x0000000709c00000, 0x0000000709d00000|  0%| F|  |TAMS 0x0000000709c00000, 0x0000000709c00000| Untracked 
|  87|0x0000000709d00000, 0x0000000709d00000, 0x0000000709e00000|  0%| F|  |TAMS 0x0000000709d00000, 0x0000000709d00000| Untracked 
|  88|0x0000000709e00000, 0x0000000709e00000, 0x0000000709f00000|  0%| F|  |TAMS 0x0000000709e00000, 0x0000000709e00000| Untracked 
|  89|0x0000000709f00000, 0x0000000709f00000, 0x000000070a000000|  0%| F|  |TAMS 0x0000000709f00000, 0x0000000709f00000| Untracked 
|  90|0x000000070a000000, 0x000000070a000000, 0x000000070a100000|  0%| F|  |TAMS 0x000000070a000000, 0x000000070a000000| Untracked 
|  91|0x000000070a100000, 0x000000070a100000, 0x000000070a200000|  0%| F|  |TAMS 0x000000070a100000, 0x000000070a100000| Untracked 
|  92|0x000000070a200000, 0x000000070a200000, 0x000000070a300000|  0%| F|  |TAMS 0x000000070a200000, 0x000000070a200000| Untracked 
|  93|0x000000070a300000, 0x000000070a300000, 0x000000070a400000|  0%| F|  |TAMS 0x000000070a300000, 0x000000070a300000| Untracked 
|  94|0x000000070a400000, 0x000000070a400000, 0x000000070a500000|  0%| F|  |TAMS 0x000000070a400000, 0x000000070a400000| Untracked 
|  95|0x000000070a500000, 0x000000070a500000, 0x000000070a600000|  0%| F|  |TAMS 0x000000070a500000, 0x000000070a500000| Untracked 
|  96|0x000000070a600000, 0x000000070a600000, 0x000000070a700000|  0%| F|  |TAMS 0x000000070a600000, 0x000000070a600000| Untracked 
|  97|0x000000070a700000, 0x000000070a700000, 0x000000070a800000|  0%| F|  |TAMS 0x000000070a700000, 0x000000070a700000| Untracked 
|  98|0x000000070a800000, 0x000000070a800000, 0x000000070a900000|  0%| F|  |TAMS 0x000000070a800000, 0x000000070a800000| Untracked 
|  99|0x000000070a900000, 0x000000070a900000, 0x000000070aa00000|  0%| F|  |TAMS 0x000000070a900000, 0x000000070a900000| Untracked 
| 100|0x000000070aa00000, 0x000000070aa00000, 0x000000070ab00000|  0%| F|  |TAMS 0x000000070aa00000, 0x000000070aa00000| Untracked 
| 101|0x000000070ab00000, 0x000000070ab00000, 0x000000070ac00000|  0%| F|  |TAMS 0x000000070ab00000, 0x000000070ab00000| Untracked 
| 102|0x000000070ac00000, 0x000000070ac00000, 0x000000070ad00000|  0%| F|  |TAMS 0x000000070ac00000, 0x000000070ac00000| Untracked 
| 103|0x000000070ad00000, 0x000000070ad00000, 0x000000070ae00000|  0%| F|  |TAMS 0x000000070ad00000, 0x000000070ad00000| Untracked 
| 104|0x000000070ae00000, 0x000000070ae00000, 0x000000070af00000|  0%| F|  |TAMS 0x000000070ae00000, 0x000000070ae00000| Untracked 
| 105|0x000000070af00000, 0x000000070af00000, 0x000000070b000000|  0%| F|  |TAMS 0x000000070af00000, 0x000000070af00000| Untracked 
| 106|0x000000070b000000, 0x000000070b000000, 0x000000070b100000|  0%| F|  |TAMS 0x000000070b000000, 0x000000070b000000| Untracked 
| 107|0x000000070b100000, 0x000000070b100000, 0x000000070b200000|  0%| F|  |TAMS 0x000000070b100000, 0x000000070b100000| Untracked 
| 108|0x000000070b200000, 0x000000070b200000, 0x000000070b300000|  0%| F|  |TAMS 0x000000070b200000, 0x000000070b200000| Untracked 
| 109|0x000000070b300000, 0x000000070b300000, 0x000000070b400000|  0%| F|  |TAMS 0x000000070b300000, 0x000000070b300000| Untracked 
| 110|0x000000070b400000, 0x000000070b400000, 0x000000070b500000|  0%| F|  |TAMS 0x000000070b400000, 0x000000070b400000| Untracked 
| 111|0x000000070b500000, 0x000000070b500000, 0x000000070b600000|  0%| F|  |TAMS 0x000000070b500000, 0x000000070b500000| Untracked 
| 112|0x000000070b600000, 0x000000070b600000, 0x000000070b700000|  0%| F|  |TAMS 0x000000070b600000, 0x000000070b600000| Untracked 
| 113|0x000000070b700000, 0x000000070b700000, 0x000000070b800000|  0%| F|  |TAMS 0x000000070b700000, 0x000000070b700000| Untracked 
| 114|0x000000070b800000, 0x000000070b800000, 0x000000070b900000|  0%| F|  |TAMS 0x000000070b800000, 0x000000070b800000| Untracked 
| 115|0x000000070b900000, 0x000000070b900000, 0x000000070ba00000|  0%| F|  |TAMS 0x000000070b900000, 0x000000070b900000| Untracked 
| 116|0x000000070ba00000, 0x000000070ba00000, 0x000000070bb00000|  0%| F|  |TAMS 0x000000070ba00000, 0x000000070ba00000| Untracked 
| 117|0x000000070bb00000, 0x000000070bb00000, 0x000000070bc00000|  0%| F|  |TAMS 0x000000070bb00000, 0x000000070bb00000| Untracked 
| 118|0x000000070bc00000, 0x000000070bc00000, 0x000000070bd00000|  0%| F|  |TAMS 0x000000070bc00000, 0x000000070bc00000| Untracked 
| 119|0x000000070bd00000, 0x000000070bd00000, 0x000000070be00000|  0%| F|  |TAMS 0x000000070bd00000, 0x000000070bd00000| Untracked 
| 120|0x000000070be00000, 0x000000070be00000, 0x000000070bf00000|  0%| F|  |TAMS 0x000000070be00000, 0x000000070be00000| Untracked 
| 121|0x000000070bf00000, 0x000000070bf00000, 0x000000070c000000|  0%| F|  |TAMS 0x000000070bf00000, 0x000000070bf00000| Untracked 
| 122|0x000000070c000000, 0x000000070c000000, 0x000000070c100000|  0%| F|  |TAMS 0x000000070c000000, 0x000000070c000000| Untracked 
| 123|0x000000070c100000, 0x000000070c100000, 0x000000070c200000|  0%| F|  |TAMS 0x000000070c100000, 0x000000070c100000| Untracked 
| 124|0x000000070c200000, 0x000000070c200000, 0x000000070c300000|  0%| F|  |TAMS 0x000000070c200000, 0x000000070c200000| Untracked 
| 125|0x000000070c300000, 0x000000070c300000, 0x000000070c400000|  0%| F|  |TAMS 0x000000070c300000, 0x000000070c300000| Untracked 
| 126|0x000000070c400000, 0x000000070c400000, 0x000000070c500000|  0%| F|  |TAMS 0x000000070c400000, 0x000000070c400000| Untracked 
| 127|0x000000070c500000, 0x000000070c500000, 0x000000070c600000|  0%| F|  |TAMS 0x000000070c500000, 0x000000070c500000| Untracked 
| 128|0x000000070c600000, 0x000000070c600000, 0x000000070c700000|  0%| F|  |TAMS 0x000000070c600000, 0x000000070c600000| Untracked 
| 129|0x000000070c700000, 0x000000070c700000, 0x000000070c800000|  0%| F|  |TAMS 0x000000070c700000, 0x000000070c700000| Untracked 
| 130|0x000000070c800000, 0x000000070c800000, 0x000000070c900000|  0%| F|  |TAMS 0x000000070c800000, 0x000000070c800000| Untracked 
| 131|0x000000070c900000, 0x000000070c900000, 0x000000070ca00000|  0%| F|  |TAMS 0x000000070c900000, 0x000000070c900000| Untracked 
| 132|0x000000070ca00000, 0x000000070ca00000, 0x000000070cb00000|  0%| F|  |TAMS 0x000000070ca00000, 0x000000070ca00000| Untracked 
| 133|0x000000070cb00000, 0x000000070cb00000, 0x000000070cc00000|  0%| F|  |TAMS 0x000000070cb00000, 0x000000070cb00000| Untracked 
| 134|0x000000070cc00000, 0x000000070cc00000, 0x000000070cd00000|  0%| F|  |TAMS 0x000000070cc00000, 0x000000070cc00000| Untracked 
| 135|0x000000070cd00000, 0x000000070cd00000, 0x000000070ce00000|  0%| F|  |TAMS 0x000000070cd00000, 0x000000070cd00000| Untracked 
| 136|0x000000070ce00000, 0x000000070ce00000, 0x000000070cf00000|  0%| F|  |TAMS 0x000000070ce00000, 0x000000070ce00000| Untracked 
| 137|0x000000070cf00000, 0x000000070cf00000, 0x000000070d000000|  0%| F|  |TAMS 0x000000070cf00000, 0x000000070cf00000| Untracked 
| 138|0x000000070d000000, 0x000000070d000000, 0x000000070d100000|  0%| F|  |TAMS 0x000000070d000000, 0x000000070d000000| Untracked 
| 139|0x000000070d100000, 0x000000070d100000, 0x000000070d200000|  0%| F|  |TAMS 0x000000070d100000, 0x000000070d100000| Untracked 
| 140|0x000000070d200000, 0x000000070d200000, 0x000000070d300000|  0%| F|  |TAMS 0x000000070d200000, 0x000000070d200000| Untracked 
| 141|0x000000070d300000, 0x000000070d300000, 0x000000070d400000|  0%| F|  |TAMS 0x000000070d300000, 0x000000070d300000| Untracked 
| 142|0x000000070d400000, 0x000000070d400000, 0x000000070d500000|  0%| F|  |TAMS 0x000000070d400000, 0x000000070d400000| Untracked 
| 143|0x000000070d500000, 0x000000070d500000, 0x000000070d600000|  0%| F|  |TAMS 0x000000070d500000, 0x000000070d500000| Untracked 
| 144|0x000000070d600000, 0x000000070d600000, 0x000000070d700000|  0%| F|  |TAMS 0x000000070d600000, 0x000000070d600000| Untracked 
| 145|0x000000070d700000, 0x000000070d700000, 0x000000070d800000|  0%| F|  |TAMS 0x000000070d700000, 0x000000070d700000| Untracked 
| 146|0x000000070d800000, 0x000000070d800000, 0x000000070d900000|  0%| F|  |TAMS 0x000000070d800000, 0x000000070d800000| Untracked 
| 147|0x000000070d900000, 0x000000070d900000, 0x000000070da00000|  0%| F|  |TAMS 0x000000070d900000, 0x000000070d900000| Untracked 
| 148|0x000000070da00000, 0x000000070da00000, 0x000000070db00000|  0%| F|  |TAMS 0x000000070da00000, 0x000000070da00000| Untracked 
| 149|0x000000070db00000, 0x000000070db00000, 0x000000070dc00000|  0%| F|  |TAMS 0x000000070db00000, 0x000000070db00000| Untracked 
| 150|0x000000070dc00000, 0x000000070dc00000, 0x000000070dd00000|  0%| F|  |TAMS 0x000000070dc00000, 0x000000070dc00000| Untracked 
| 151|0x000000070dd00000, 0x000000070dd00000, 0x000000070de00000|  0%| F|  |TAMS 0x000000070dd00000, 0x000000070dd00000| Untracked 
| 152|0x000000070de00000, 0x000000070de00000, 0x000000070df00000|  0%| F|  |TAMS 0x000000070de00000, 0x000000070de00000| Untracked 
| 153|0x000000070df00000, 0x000000070df00000, 0x000000070e000000|  0%| F|  |TAMS 0x000000070df00000, 0x000000070df00000| Untracked 
| 154|0x000000070e000000, 0x000000070e000000, 0x000000070e100000|  0%| F|  |TAMS 0x000000070e000000, 0x000000070e000000| Untracked 
| 155|0x000000070e100000, 0x000000070e100000, 0x000000070e200000|  0%| F|  |TAMS 0x000000070e100000, 0x000000070e100000| Untracked 
| 156|0x000000070e200000, 0x000000070e200000, 0x000000070e300000|  0%| F|  |TAMS 0x000000070e200000, 0x000000070e200000| Untracked 
| 157|0x000000070e300000, 0x000000070e300000, 0x000000070e400000|  0%| F|  |TAMS 0x000000070e300000, 0x000000070e300000| Untracked 
| 158|0x000000070e400000, 0x000000070e400000, 0x000000070e500000|  0%| F|  |TAMS 0x000000070e400000, 0x000000070e400000| Untracked 
| 159|0x000000070e500000, 0x000000070e500000, 0x000000070e600000|  0%| F|  |TAMS 0x000000070e500000, 0x000000070e500000| Untracked 
| 160|0x000000070e600000, 0x000000070e600000, 0x000000070e700000|  0%| F|  |TAMS 0x000000070e600000, 0x000000070e600000| Untracked 
| 161|0x000000070e700000, 0x000000070e700000, 0x000000070e800000|  0%| F|  |TAMS 0x000000070e700000, 0x000000070e700000| Untracked 
| 162|0x000000070e800000, 0x000000070e800000, 0x000000070e900000|  0%| F|  |TAMS 0x000000070e800000, 0x000000070e800000| Untracked 
| 163|0x000000070e900000, 0x000000070e900000, 0x000000070ea00000|  0%| F|  |TAMS 0x000000070e900000, 0x000000070e900000| Untracked 
| 164|0x000000070ea00000, 0x000000070ea00000, 0x000000070eb00000|  0%| F|  |TAMS 0x000000070ea00000, 0x000000070ea00000| Untracked 
| 165|0x000000070eb00000, 0x000000070eb00000, 0x000000070ec00000|  0%| F|  |TAMS 0x000000070eb00000, 0x000000070eb00000| Untracked 
| 166|0x000000070ec00000, 0x000000070ec00000, 0x000000070ed00000|  0%| F|  |TAMS 0x000000070ec00000, 0x000000070ec00000| Untracked 
| 167|0x000000070ed00000, 0x000000070ed00000, 0x000000070ee00000|  0%| F|  |TAMS 0x000000070ed00000, 0x000000070ed00000| Untracked 
| 168|0x000000070ee00000, 0x000000070ee00000, 0x000000070ef00000|  0%| F|  |TAMS 0x000000070ee00000, 0x000000070ee00000| Untracked 
| 169|0x000000070ef00000, 0x000000070ef00000, 0x000000070f000000|  0%| F|  |TAMS 0x000000070ef00000, 0x000000070ef00000| Untracked 
| 170|0x000000070f000000, 0x000000070f000000, 0x000000070f100000|  0%| F|  |TAMS 0x000000070f000000, 0x000000070f000000| Untracked 
| 171|0x000000070f100000, 0x000000070f100000, 0x000000070f200000|  0%| F|  |TAMS 0x000000070f100000, 0x000000070f100000| Untracked 
| 172|0x000000070f200000, 0x000000070f200000, 0x000000070f300000|  0%| F|  |TAMS 0x000000070f200000, 0x000000070f200000| Untracked 
| 173|0x000000070f300000, 0x000000070f300000, 0x000000070f400000|  0%| F|  |TAMS 0x000000070f300000, 0x000000070f300000| Untracked 
| 174|0x000000070f400000, 0x000000070f400000, 0x000000070f500000|  0%| F|  |TAMS 0x000000070f400000, 0x000000070f400000| Untracked 
| 175|0x000000070f500000, 0x000000070f500000, 0x000000070f600000|  0%| F|  |TAMS 0x000000070f500000, 0x000000070f500000| Untracked 
| 176|0x000000070f600000, 0x000000070f600000, 0x000000070f700000|  0%| F|  |TAMS 0x000000070f600000, 0x000000070f600000| Untracked 
| 177|0x000000070f700000, 0x000000070f700000, 0x000000070f800000|  0%| F|  |TAMS 0x000000070f700000, 0x000000070f700000| Untracked 
| 178|0x000000070f800000, 0x000000070f800000, 0x000000070f900000|  0%| F|  |TAMS 0x000000070f800000, 0x000000070f800000| Untracked 
| 179|0x000000070f900000, 0x000000070f900000, 0x000000070fa00000|  0%| F|  |TAMS 0x000000070f900000, 0x000000070f900000| Untracked 
| 180|0x000000070fa00000, 0x000000070fa00000, 0x000000070fb00000|  0%| F|  |TAMS 0x000000070fa00000, 0x000000070fa00000| Untracked 
| 181|0x000000070fb00000, 0x000000070fb00000, 0x000000070fc00000|  0%| F|  |TAMS 0x000000070fb00000, 0x000000070fb00000| Untracked 
| 182|0x000000070fc00000, 0x000000070fc00000, 0x000000070fd00000|  0%| F|  |TAMS 0x000000070fc00000, 0x000000070fc00000| Untracked 
| 183|0x000000070fd00000, 0x000000070fd00000, 0x000000070fe00000|  0%| F|  |TAMS 0x000000070fd00000, 0x000000070fd00000| Untracked 
| 184|0x000000070fe00000, 0x000000070fe00000, 0x000000070ff00000|  0%| F|  |TAMS 0x000000070fe00000, 0x000000070fe00000| Untracked 
| 185|0x000000070ff00000, 0x000000070ff00000, 0x0000000710000000|  0%| F|  |TAMS 0x000000070ff00000, 0x000000070ff00000| Untracked 
| 186|0x0000000710000000, 0x0000000710000000, 0x0000000710100000|  0%| F|  |TAMS 0x0000000710000000, 0x0000000710000000| Untracked 
| 187|0x0000000710100000, 0x0000000710100000, 0x0000000710200000|  0%| F|  |TAMS 0x0000000710100000, 0x0000000710100000| Untracked 
| 188|0x0000000710200000, 0x0000000710200000, 0x0000000710300000|  0%| F|  |TAMS 0x0000000710200000, 0x0000000710200000| Untracked 
| 189|0x0000000710300000, 0x0000000710300000, 0x0000000710400000|  0%| F|  |TAMS 0x0000000710300000, 0x0000000710300000| Untracked 
| 190|0x0000000710400000, 0x0000000710400000, 0x0000000710500000|  0%| F|  |TAMS 0x0000000710400000, 0x0000000710400000| Untracked 
| 191|0x0000000710500000, 0x0000000710500000, 0x0000000710600000|  0%| F|  |TAMS 0x0000000710500000, 0x0000000710500000| Untracked 
| 192|0x0000000710600000, 0x0000000710600000, 0x0000000710700000|  0%| F|  |TAMS 0x0000000710600000, 0x0000000710600000| Untracked 
| 193|0x0000000710700000, 0x0000000710700000, 0x0000000710800000|  0%| F|  |TAMS 0x0000000710700000, 0x0000000710700000| Untracked 
| 194|0x0000000710800000, 0x0000000710800000, 0x0000000710900000|  0%| F|  |TAMS 0x0000000710800000, 0x0000000710800000| Untracked 
| 195|0x0000000710900000, 0x0000000710900000, 0x0000000710a00000|  0%| F|  |TAMS 0x0000000710900000, 0x0000000710900000| Untracked 
| 196|0x0000000710a00000, 0x0000000710a00000, 0x0000000710b00000|  0%| F|  |TAMS 0x0000000710a00000, 0x0000000710a00000| Untracked 
| 197|0x0000000710b00000, 0x0000000710b00000, 0x0000000710c00000|  0%| F|  |TAMS 0x0000000710b00000, 0x0000000710b00000| Untracked 
| 198|0x0000000710c00000, 0x0000000710c00000, 0x0000000710d00000|  0%| F|  |TAMS 0x0000000710c00000, 0x0000000710c00000| Untracked 
| 199|0x0000000710d00000, 0x0000000710d00000, 0x0000000710e00000|  0%| F|  |TAMS 0x0000000710d00000, 0x0000000710d00000| Untracked 
| 200|0x0000000710e00000, 0x0000000710e00000, 0x0000000710f00000|  0%| F|  |TAMS 0x0000000710e00000, 0x0000000710e00000| Untracked 
| 201|0x0000000710f00000, 0x0000000710f00000, 0x0000000711000000|  0%| F|  |TAMS 0x0000000710f00000, 0x0000000710f00000| Untracked 
| 202|0x0000000711000000, 0x0000000711000000, 0x0000000711100000|  0%| F|  |TAMS 0x0000000711000000, 0x0000000711000000| Untracked 
| 203|0x0000000711100000, 0x0000000711100000, 0x0000000711200000|  0%| F|  |TAMS 0x0000000711100000, 0x0000000711100000| Untracked 
| 204|0x0000000711200000, 0x0000000711200000, 0x0000000711300000|  0%| F|  |TAMS 0x0000000711200000, 0x0000000711200000| Untracked 
| 205|0x0000000711300000, 0x0000000711300000, 0x0000000711400000|  0%| F|  |TAMS 0x0000000711300000, 0x0000000711300000| Untracked 
| 206|0x0000000711400000, 0x0000000711400000, 0x0000000711500000|  0%| F|  |TAMS 0x0000000711400000, 0x0000000711400000| Untracked 
| 207|0x0000000711500000, 0x0000000711500000, 0x0000000711600000|  0%| F|  |TAMS 0x0000000711500000, 0x0000000711500000| Untracked 
| 208|0x0000000711600000, 0x0000000711600000, 0x0000000711700000|  0%| F|  |TAMS 0x0000000711600000, 0x0000000711600000| Untracked 
| 209|0x0000000711700000, 0x0000000711700000, 0x0000000711800000|  0%| F|  |TAMS 0x0000000711700000, 0x0000000711700000| Untracked 
| 210|0x0000000711800000, 0x0000000711800000, 0x0000000711900000|  0%| F|  |TAMS 0x0000000711800000, 0x0000000711800000| Untracked 
| 211|0x0000000711900000, 0x0000000711900000, 0x0000000711a00000|  0%| F|  |TAMS 0x0000000711900000, 0x0000000711900000| Untracked 
| 212|0x0000000711a00000, 0x0000000711a00000, 0x0000000711b00000|  0%| F|  |TAMS 0x0000000711a00000, 0x0000000711a00000| Untracked 
| 213|0x0000000711b00000, 0x0000000711b00000, 0x0000000711c00000|  0%| F|  |TAMS 0x0000000711b00000, 0x0000000711b00000| Untracked 
| 214|0x0000000711c00000, 0x0000000711c00000, 0x0000000711d00000|  0%| F|  |TAMS 0x0000000711c00000, 0x0000000711c00000| Untracked 
| 215|0x0000000711d00000, 0x0000000711e00000, 0x0000000711e00000|100%| E|  |TAMS 0x0000000711d00000, 0x0000000711d00000| Complete 
| 216|0x0000000711e00000, 0x0000000711f00000, 0x0000000711f00000|100%| E|CS|TAMS 0x0000000711e00000, 0x0000000711e00000| Complete 
| 217|0x0000000711f00000, 0x0000000712000000, 0x0000000712000000|100%| E|CS|TAMS 0x0000000711f00000, 0x0000000711f00000| Complete 
| 218|0x0000000712000000, 0x0000000712100000, 0x0000000712100000|100%| E|CS|TAMS 0x0000000712000000, 0x0000000712000000| Complete 
| 219|0x0000000712100000, 0x0000000712200000, 0x0000000712200000|100%| E|CS|TAMS 0x0000000712100000, 0x0000000712100000| Complete 
| 220|0x0000000712200000, 0x0000000712300000, 0x0000000712300000|100%| E|CS|TAMS 0x0000000712200000, 0x0000000712200000| Complete 
| 221|0x0000000712300000, 0x0000000712400000, 0x0000000712400000|100%| E|CS|TAMS 0x0000000712300000, 0x0000000712300000| Complete 
| 222|0x0000000712400000, 0x0000000712500000, 0x0000000712500000|100%| E|CS|TAMS 0x0000000712400000, 0x0000000712400000| Complete 
| 223|0x0000000712500000, 0x0000000712600000, 0x0000000712600000|100%| E|CS|TAMS 0x0000000712500000, 0x0000000712500000| Complete 
| 224|0x0000000712600000, 0x0000000712700000, 0x0000000712700000|100%| E|CS|TAMS 0x0000000712600000, 0x0000000712600000| Complete 
| 225|0x0000000712700000, 0x00000007127ffd88, 0x0000000712800000| 99%| S|CS|TAMS 0x0000000712700000, 0x0000000712700000| Complete 
| 226|0x0000000712800000, 0x0000000712900000, 0x0000000712900000|100%| S|CS|TAMS 0x0000000712800000, 0x0000000712800000| Complete 
| 227|0x0000000712900000, 0x0000000712a00000, 0x0000000712a00000|100%| E|CS|TAMS 0x0000000712900000, 0x0000000712900000| Complete 
| 228|0x0000000712a00000, 0x0000000712b00000, 0x0000000712b00000|100%| E|CS|TAMS 0x0000000712a00000, 0x0000000712a00000| Complete 
| 229|0x0000000712b00000, 0x0000000712c00000, 0x0000000712c00000|100%| E|CS|TAMS 0x0000000712b00000, 0x0000000712b00000| Complete 
| 230|0x0000000712c00000, 0x0000000712d00000, 0x0000000712d00000|100%| E|CS|TAMS 0x0000000712c00000, 0x0000000712c00000| Complete 
| 231|0x0000000712d00000, 0x0000000712e00000, 0x0000000712e00000|100%| E|CS|TAMS 0x0000000712d00000, 0x0000000712d00000| Complete 
| 232|0x0000000712e00000, 0x0000000712f00000, 0x0000000712f00000|100%| E|CS|TAMS 0x0000000712e00000, 0x0000000712e00000| Complete 
| 233|0x0000000712f00000, 0x0000000713000000, 0x0000000713000000|100%| E|CS|TAMS 0x0000000712f00000, 0x0000000712f00000| Complete 
| 234|0x0000000713000000, 0x0000000713100000, 0x0000000713100000|100%| E|CS|TAMS 0x0000000713000000, 0x0000000713000000| Complete 
| 235|0x0000000713100000, 0x0000000713200000, 0x0000000713200000|100%| E|CS|TAMS 0x0000000713100000, 0x0000000713100000| Complete 
| 236|0x0000000713200000, 0x0000000713300000, 0x0000000713300000|100%| E|CS|TAMS 0x0000000713200000, 0x0000000713200000| Complete 
| 237|0x0000000713300000, 0x0000000713400000, 0x0000000713400000|100%| E|CS|TAMS 0x0000000713300000, 0x0000000713300000| Complete 
| 238|0x0000000713400000, 0x0000000713500000, 0x0000000713500000|100%| E|CS|TAMS 0x0000000713400000, 0x0000000713400000| Complete 
| 239|0x0000000713500000, 0x0000000713600000, 0x0000000713600000|100%| E|CS|TAMS 0x0000000713500000, 0x0000000713500000| Complete 
| 240|0x0000000713600000, 0x0000000713700000, 0x0000000713700000|100%| E|CS|TAMS 0x0000000713600000, 0x0000000713600000| Complete 
| 241|0x0000000713700000, 0x0000000713800000, 0x0000000713800000|100%| E|CS|TAMS 0x0000000713700000, 0x0000000713700000| Complete 
| 242|0x0000000713800000, 0x0000000713900000, 0x0000000713900000|100%| E|CS|TAMS 0x0000000713800000, 0x0000000713800000| Complete 
| 243|0x0000000713900000, 0x0000000713a00000, 0x0000000713a00000|100%| E|CS|TAMS 0x0000000713900000, 0x0000000713900000| Complete 
| 244|0x0000000713a00000, 0x0000000713b00000, 0x0000000713b00000|100%| E|CS|TAMS 0x0000000713a00000, 0x0000000713a00000| Complete 
| 245|0x0000000713b00000, 0x0000000713c00000, 0x0000000713c00000|100%| E|CS|TAMS 0x0000000713b00000, 0x0000000713b00000| Complete 
| 246|0x0000000713c00000, 0x0000000713d00000, 0x0000000713d00000|100%| E|CS|TAMS 0x0000000713c00000, 0x0000000713c00000| Complete 
| 247|0x0000000713d00000, 0x0000000713e00000, 0x0000000713e00000|100%| E|CS|TAMS 0x0000000713d00000, 0x0000000713d00000| Complete 
| 248|0x0000000713e00000, 0x0000000713f00000, 0x0000000713f00000|100%| E|CS|TAMS 0x0000000713e00000, 0x0000000713e00000| Complete 
| 249|0x0000000713f00000, 0x0000000714000000, 0x0000000714000000|100%| E|CS|TAMS 0x0000000713f00000, 0x0000000713f00000| Complete 
| 250|0x0000000714000000, 0x0000000714100000, 0x0000000714100000|100%| E|CS|TAMS 0x0000000714000000, 0x0000000714000000| Complete 
| 251|0x0000000714100000, 0x0000000714200000, 0x0000000714200000|100%| E|CS|TAMS 0x0000000714100000, 0x0000000714100000| Complete 

Card table byte_map: [0x00000252e41c0000,0x00000252e49a0000] _byte_map_base: 0x00000252e099d000

Marking Bits (Prev, Next): (CMBitMap*) 0x00000252cec708d8, (CMBitMap*) 0x00000252cec70910
 Prev Bits: [0x00000252e5180000, 0x00000252e9068000)
 Next Bits: [0x00000252e9070000, 0x00000252ecf58000)

Polling page: 0x00000252ce910000

Metaspace:

Usage:
  Non-class:     36.86 MB capacity,    36.53 MB (>99%) used,   281.55 KB ( <1%) free+waste,    58.94 KB ( <1%) overhead. 
      Class:      5.02 MB capacity,     4.84 MB ( 96%) used,   156.46 KB (  3%) free+waste,    24.94 KB ( <1%) overhead. 
       Both:     41.88 MB capacity,    41.37 MB ( 99%) used,   438.02 KB (  1%) free+waste,    83.88 KB ( <1%) overhead. 

Virtual space:
  Non-class space:       40.00 MB reserved,      37.17 MB ( 93%) committed 
      Class space:        1.00 GB reserved,       5.13 MB ( <1%) committed 
             Both:        1.04 GB reserved,      42.29 MB (  4%) committed 

Chunk freelists:
   Non-Class:  124.00 KB
       Class:  13.00 KB
        Both:  137.00 KB

MaxMetaspaceSize: 17179869184.00 GB
CompressedClassSpaceSize: 1.00 GB

CodeHeap 'non-profiled nmethods': size=120000Kb used=1475Kb max_used=1475Kb free=118524Kb
 bounds [0x00000252db830000, 0x00000252dbaa0000, 0x00000252e2d60000]
CodeHeap 'profiled nmethods': size=120000Kb used=6936Kb max_used=6936Kb free=113063Kb
 bounds [0x00000252d4300000, 0x00000252d49d0000, 0x00000252db830000]
CodeHeap 'non-nmethods': size=5760Kb used=1184Kb max_used=1239Kb free=4575Kb
 bounds [0x00000252d3d60000, 0x00000252d3fd0000, 0x00000252d4300000]
 total_blobs=3909 nmethods=3383 adapters=437
 compilation: enabled
              stopped_count=0, restarted_count=0
 full_count=0

Compilation events (20 events):
Event: 4.474 Thread 0x00000252f0618800 nmethod 3332 0x00000252d4999b90 code [0x00000252d4999d40, 0x00000252d4999e58]
Event: 4.474 Thread 0x00000252f0618800 3329       3       org.jetbrains.kotlin.com.intellij.util.text.CharSequenceSubSequence::charAt (16 bytes)
Event: 4.474 Thread 0x00000252f0618800 nmethod 3329 0x00000252d4999f10 code [0x00000252d499a0c0, 0x00000252d499a2a8]
Event: 4.474 Thread 0x00000252f0618800 3325       3       org.jetbrains.kotlin.com.intellij.lang.impl.MarkerOptionalData::assignBinder (47 bytes)
Event: 4.475 Thread 0x00000252f0618800 nmethod 3325 0x00000252d499a390 code [0x00000252d499a600, 0x00000252d499b1c8]
Event: 4.475 Thread 0x00000252f0618800 3330       3       org.jetbrains.kotlin.com.intellij.lang.impl.PsiBuilderImpl$RelativeTokenTypesView::get (6 bytes)
Event: 4.475 Thread 0x00000252f0618800 nmethod 3330 0x00000252d499b590 code [0x00000252d499b740, 0x00000252d499b8f8]
Event: 4.475 Thread 0x00000252f0618800 3331       3       org.jetbrains.kotlin.com.intellij.lang.impl.PsiBuilderImpl$RelativeTokenTypesView::get (15 bytes)
Event: 4.475 Thread 0x00000252f0618800 nmethod 3331 0x00000252d499ba10 code [0x00000252d499bbc0, 0x00000252d499bd18]
Event: 4.475 Thread 0x00000252f0618800 3326       3       org.jetbrains.kotlin.com.intellij.lang.impl.MarkerOptionalData::markAsHavingOptionalData (6 bytes)
Event: 4.476 Thread 0x00000252f0618800 nmethod 3326 0x00000252d499be10 code [0x00000252d499bfc0, 0x00000252d499c188]
Event: 4.476 Thread 0x00000252f0618800 3327       3       java.util.BitSet::set (58 bytes)
Event: 4.476 Thread 0x00000252efd0e800 nmethod 3315 0x00000252db99cf10 code [0x00000252db99d0e0, 0x00000252db99d3e8]
Event: 4.476 Thread 0x00000252efd0e800 3334       4       org.jetbrains.kotlin.com.intellij.util.text.ImmutableText::charAt (50 bytes)
Event: 4.476 Thread 0x00000252f0618800 nmethod 3327 0x00000252d499c210 code [0x00000252d499c4a0, 0x00000252d499cf58]
Event: 4.476 Thread 0x00000252f0618800 3335       3       org.jetbrains.kotlin.com.intellij.lang.impl.PsiBuilderImpl$StartMarker::precede (17 bytes)
Event: 4.477 Thread 0x00000252f0618800 nmethod 3335 0x00000252d499d390 code [0x00000252d499d560, 0x00000252d499d778]
Event: 4.477 Thread 0x00000252f0618800 3336       3       org.jetbrains.kotlin.com.intellij.lang.impl.PsiBuilderImpl::access$600 (6 bytes)
Event: 4.477 Thread 0x00000252f0618800 nmethod 3336 0x00000252d499d890 code [0x00000252d499da40, 0x00000252d499db48]
Event: 4.477 Thread 0x00000252f0618800 3340       3       org.jetbrains.kotlin.com.intellij.lang.impl.MarkerProduction::rollbackTo (68 bytes)

GC Heap History (10 events):
Event: 0.743 GC heap before
{Heap before GC invocations=0 (full 0):
 garbage-first heap   total 258048K, used 27648K [0x0000000704600000, 0x0000000800000000)
  region size 1024K, 24 young (24576K), 0 survivors (0K)
 Metaspace       used 12289K, capacity 12405K, committed 12544K, reserved 1060864K
  class space    used 1154K, capacity 1174K, committed 1280K, reserved 1048576K
}
Event: 0.746 GC heap after
{Heap after GC invocations=1 (full 0):
 garbage-first heap   total 258048K, used 5788K [0x0000000704600000, 0x0000000800000000)
  region size 1024K, 3 young (3072K), 3 survivors (3072K)
 Metaspace       used 12289K, capacity 12405K, committed 12544K, reserved 1060864K
  class space    used 1154K, capacity 1174K, committed 1280K, reserved 1048576K
}
Event: 1.621 GC heap before
{Heap before GC invocations=1 (full 0):
 garbage-first heap   total 258048K, used 42652K [0x0000000704600000, 0x0000000800000000)
  region size 1024K, 40 young (40960K), 3 survivors (3072K)
 Metaspace       used 20973K, capacity 21174K, committed 21248K, reserved 1069056K
  class space    used 2223K, capacity 2287K, committed 2304K, reserved 1048576K
}
Event: 1.636 GC heap after
{Heap after GC invocations=2 (full 0):
 garbage-first heap   total 258048K, used 9504K [0x0000000704600000, 0x0000000800000000)
  region size 1024K, 7 young (7168K), 7 survivors (7168K)
 Metaspace       used 20973K, capacity 21174K, committed 21248K, reserved 1069056K
  class space    used 2223K, capacity 2287K, committed 2304K, reserved 1048576K
}
Event: 3.031 GC heap before
{Heap before GC invocations=3 (full 0):
 garbage-first heap   total 258048K, used 68896K [0x0000000704600000, 0x0000000800000000)
  region size 1024K, 57 young (58368K), 7 survivors (7168K)
 Metaspace       used 29815K, capacity 30260K, committed 30592K, reserved 1077248K
  class space    used 3497K, capacity 3670K, committed 3712K, reserved 1048576K
}
Event: 3.043 GC heap after
{Heap after GC invocations=4 (full 0):
 garbage-first heap   total 258048K, used 22627K [0x0000000704600000, 0x0000000800000000)
  region size 1024K, 8 young (8192K), 8 survivors (8192K)
 Metaspace       used 29815K, capacity 30260K, committed 30592K, reserved 1077248K
  class space    used 3497K, capacity 3670K, committed 3712K, reserved 1048576K
}
Event: 3.139 GC heap before
{Heap before GC invocations=4 (full 0):
 garbage-first heap   total 258048K, used 30819K [0x0000000704600000, 0x0000000800000000)
  region size 1024K, 12 young (12288K), 8 survivors (8192K)
 Metaspace       used 30136K, capacity 30549K, committed 30848K, reserved 1077248K
  class space    used 3527K, capacity 3702K, committed 3712K, reserved 1048576K
}
Event: 3.148 GC heap after
{Heap after GC invocations=5 (full 0):
 garbage-first heap   total 258048K, used 26249K [0x0000000704600000, 0x0000000800000000)
  region size 1024K, 2 young (2048K), 2 survivors (2048K)
 Metaspace       used 30136K, capacity 30549K, committed 30848K, reserved 1077248K
  class space    used 3527K, capacity 3702K, committed 3712K, reserved 1048576K
}
Event: 3.694 GC heap before
{Heap before GC invocations=5 (full 0):
 garbage-first heap   total 258048K, used 48777K [0x0000000704600000, 0x0000000800000000)
  region size 1024K, 25 young (25600K), 2 survivors (2048K)
 Metaspace       used 34965K, capacity 35386K, committed 35628K, reserved 1081344K
  class space    used 4072K, capacity 4224K, committed 4224K, reserved 1048576K
}
Event: 3.698 GC heap after
{Heap after GC invocations=6 (full 0):
 garbage-first heap   total 258048K, used 24985K [0x0000000704600000, 0x0000000800000000)
  region size 1024K, 2 young (2048K), 2 survivors (2048K)
 Metaspace       used 34965K, capacity 35386K, committed 35628K, reserved 1081344K
  class space    used 4072K, capacity 4224K, committed 4224K, reserved 1048576K
}

Deoptimization events (20 events):
Event: 4.467 Thread 0x00000252cec0c800 Uncommon trap: trap_request=0xffffffde fr.pc=0x00000252db9955cc relative=0x000000000000018c
Event: 4.467 Thread 0x00000252cec0c800 Uncommon trap: reason=class_check action=maybe_recompile pc=0x00000252db9955cc method=org.jetbrains.kotlin.com.intellij.util.text.ImmutableText.charAt(I)C @ 46 c2
Event: 4.467 Thread 0x00000252cec0c800 DEOPT PACKING pc=0x00000252db9955cc sp=0x000000b5168fc4b0
Event: 4.467 Thread 0x00000252cec0c800 DEOPT UNPACKING pc=0x00000252d3d8772f sp=0x000000b5168fc3e8 mode 2
Event: 4.467 Thread 0x00000252cec0c800 Uncommon trap: trap_request=0xffffffde fr.pc=0x00000252db9955cc relative=0x000000000000018c
Event: 4.467 Thread 0x00000252cec0c800 Uncommon trap: reason=class_check action=maybe_recompile pc=0x00000252db9955cc method=org.jetbrains.kotlin.com.intellij.util.text.ImmutableText.charAt(I)C @ 46 c2
Event: 4.467 Thread 0x00000252cec0c800 DEOPT PACKING pc=0x00000252db9955cc sp=0x000000b5168fc4b0
Event: 4.467 Thread 0x00000252cec0c800 DEOPT UNPACKING pc=0x00000252d3d8772f sp=0x000000b5168fc3e8 mode 2
Event: 4.467 Thread 0x00000252cec0c800 Uncommon trap: trap_request=0xffffffde fr.pc=0x00000252db9955cc relative=0x000000000000018c
Event: 4.467 Thread 0x00000252cec0c800 Uncommon trap: reason=class_check action=maybe_recompile pc=0x00000252db9955cc method=org.jetbrains.kotlin.com.intellij.util.text.ImmutableText.charAt(I)C @ 46 c2
Event: 4.467 Thread 0x00000252cec0c800 DEOPT PACKING pc=0x00000252db9955cc sp=0x000000b5168fc4b0
Event: 4.467 Thread 0x00000252cec0c800 DEOPT UNPACKING pc=0x00000252d3d8772f sp=0x000000b5168fc3e8 mode 2
Event: 4.467 Thread 0x00000252cec0c800 Uncommon trap: trap_request=0xffffffde fr.pc=0x00000252db9955cc relative=0x000000000000018c
Event: 4.467 Thread 0x00000252cec0c800 Uncommon trap: reason=class_check action=maybe_recompile pc=0x00000252db9955cc method=org.jetbrains.kotlin.com.intellij.util.text.ImmutableText.charAt(I)C @ 46 c2
Event: 4.467 Thread 0x00000252cec0c800 DEOPT PACKING pc=0x00000252db9955cc sp=0x000000b5168fc4b0
Event: 4.467 Thread 0x00000252cec0c800 DEOPT UNPACKING pc=0x00000252d3d8772f sp=0x000000b5168fc3e8 mode 2
Event: 4.467 Thread 0x00000252cec0c800 Uncommon trap: trap_request=0xffffffde fr.pc=0x00000252db997bac relative=0x000000000000016c
Event: 4.467 Thread 0x00000252cec0c800 Uncommon trap: reason=class_check action=maybe_recompile pc=0x00000252db997bac method=org.jetbrains.kotlin.com.intellij.util.text.ImmutableText.charAt(I)C @ 46 c2
Event: 4.467 Thread 0x00000252cec0c800 DEOPT PACKING pc=0x00000252db997bac sp=0x000000b5168fc410
Event: 4.467 Thread 0x00000252cec0c800 DEOPT UNPACKING pc=0x00000252d3d8772f sp=0x000000b5168fc3d0 mode 2

Classes redefined (0 events):
No events

Internal exceptions (20 events):
Event: 1.603 Thread 0x00000252cec0c800 Exception <a 'java/lang/NoSuchMethodError'{0x0000000711b90350}: 'int java.lang.invoke.DirectMethodHandle$Holder.invokeStaticInit(java.lang.Object, java.lang.Object)'> (0x0000000711b90350) thrown at [./src/hotspot/share/interpreter/linkResolver.cpp, line 773]
Event: 1.891 Thread 0x00000252cec0c800 Exception <a 'java/lang/NoSuchMethodError'{0x0000000713868790}: 'java.lang.Object java.lang.invoke.DirectMethodHandle$Holder.invokeStatic(java.lang.Object, java.lang.Object, java.lang.Object, java.lang.Object, java.lang.Object, java.lang.Object, java.lang.Object, java.lang.Object, java.lang.Object, java.lang.Object, java.lang.Object, java.lang.Object, java.lang.Object, java.lang.Object, java.lang.Object)'> (0x0000000713868790) thrown at [./src/hotspot/share/interpreter/linkResolver.cpp, line 773]
Event: 1.892 Thread 0x00000252cec0c800 Exception <a 'java/lang/NoSuchMethodError'{0x0000000713876b68}: 'java.lang.Object java.lang.invoke.DirectMethodHandle$Holder.invokeStatic(java.lang.Object, java.lang.Object, java.lang.Object, java.lang.Object, java.lang.Object, java.lang.Object, java.lang.Object, java.lang.Object, java.lang.Object, java.lang.Object, java.lang.Object, java.lang.Object, java.lang.Object, java.lang.Object, java.lang.Object, java.lang.Object)'> (0x0000000713876b68) thrown at [./src/hotspot/share/interpreter/linkResolver.cpp, l
Event: 1.894 Thread 0x00000252cec0c800 Exception <a 'java/lang/NoSuchMethodError'{0x0000000713884d78}: 'java.lang.Object java.lang.invoke.DirectMethodHandle$Holder.invokeSpecial(java.lang.Object, java.lang.Object, int, int, java.lang.Object, java.lang.Object, java.lang.Object)'> (0x0000000713884d78) thrown at [./src/hotspot/share/interpreter/linkResolver.cpp, line 773]
Event: 1.894 Thread 0x00000252cec0c800 Exception <a 'java/lang/NoSuchMethodError'{0x00000007138885b0}: 'java.lang.Object java.lang.invoke.DelegatingMethodHandle$Holder.reinvoke_L(java.lang.Object, int, int, java.lang.Object, java.lang.Object, java.lang.Object)'> (0x00000007138885b0) thrown at [./src/hotspot/share/interpreter/linkResolver.cpp, line 773]
Event: 1.895 Thread 0x00000252cec0c800 Exception <a 'java/lang/NoSuchMethodError'{0x000000071388c938}: 'java.lang.Object java.lang.invoke.DirectMethodHandle$Holder.invokeStatic(java.lang.Object, java.lang.Object, java.lang.Object, java.lang.Object, int)'> (0x000000071388c938) thrown at [./src/hotspot/share/interpreter/linkResolver.cpp, line 773]
Event: 1.947 Thread 0x00000252cec0c800 Implicit null exception at 0x00000252db8bbbac to 0x00000252db8bbd5a
Event: 2.000 Thread 0x00000252cec0c800 Exception <a 'java/lang/NoSuchMethodError'{0x000000071320bb78}: 'void java.lang.invoke.DirectMethodHandle$Holder.invokeStatic(java.lang.Object, java.lang.Object, java.lang.Object, java.lang.Object)'> (0x000000071320bb78) thrown at [./src/hotspot/share/interpreter/linkResolver.cpp, line 773]
Event: 2.032 Thread 0x00000252cec0c800 Exception <a 'java/lang/NoSuchMethodError'{0x000000071315b848}: 'void java.lang.invoke.DirectMethodHandle$Holder.invokeSpecial(java.lang.Object, java.lang.Object)'> (0x000000071315b848) thrown at [./src/hotspot/share/interpreter/linkResolver.cpp, line 773]
Event: 2.080 Thread 0x00000252cec0c800 Exception <a 'java/lang/NoSuchMethodError'{0x0000000712fff6f8}: 'void java.lang.invoke.DirectMethodHandle$Holder.invokeStaticInit(java.lang.Object, java.lang.Object)'> (0x0000000712fff6f8) thrown at [./src/hotspot/share/interpreter/linkResolver.cpp, line 773]
Event: 2.090 Thread 0x00000252cec0c800 Exception <a 'java/lang/NoSuchMethodError'{0x0000000712e3e2d8}: 'void java.lang.invoke.DirectMethodHandle$Holder.invokeInterface(java.lang.Object, java.lang.Object)'> (0x0000000712e3e2d8) thrown at [./src/hotspot/share/interpreter/linkResolver.cpp, line 773]
Event: 2.189 Thread 0x00000252cec0c800 Exception <a 'java/lang/NoSuchMethodError'{0x0000000712ab0930}: 'void java.lang.invoke.DirectMethodHandle$Holder.invokeVirtual(java.lang.Object, java.lang.Object)'> (0x0000000712ab0930) thrown at [./src/hotspot/share/interpreter/linkResolver.cpp, line 773]
Event: 2.202 Thread 0x00000252cec0c800 Exception <a 'java/lang/NoSuchMethodError'{0x0000000712927ae8}: 'int java.lang.invoke.DirectMethodHandle$Holder.invokeVirtual(java.lang.Object, java.lang.Object)'> (0x0000000712927ae8) thrown at [./src/hotspot/share/interpreter/linkResolver.cpp, line 773]
Event: 3.115 Thread 0x00000252cec0c800 Implicit null exception at 0x00000252db8957f4 to 0x00000252db895a24
Event: 3.117 Thread 0x00000252cec0c800 Implicit null exception at 0x00000252db88dd78 to 0x00000252db88de0a
Event: 3.118 Thread 0x00000252cec0c800 Implicit null exception at 0x00000252db88af2f to 0x00000252db88afa9
Event: 3.507 Thread 0x00000252cec0c800 Exception <a 'java/lang/NoSuchMethodError'{0x00000007131fc448}: 'java.lang.Object java.lang.invoke.DirectMethodHandle$Holder.invokeVirtual(java.lang.Object, java.lang.Object, java.lang.Object)'> (0x00000007131fc448) thrown at [./src/hotspot/share/interpreter/linkResolver.cpp, line 773]
Event: 4.355 Thread 0x00000252cec0c800 Exception <a 'java/lang/NoSuchMethodError'{0x00000007120551f0}: 'java.lang.Object java.lang.invoke.Invokers$Holder.linkToTargetMethod(java.lang.Object, int, java.lang.Object)'> (0x00000007120551f0) thrown at [./src/hotspot/share/interpreter/linkResolver.cpp, line 773]
Event: 4.415 Thread 0x00000252cec0c800 Implicit null exception at 0x00000252db980d61 to 0x00000252db980e7c
Event: 4.418 Thread 0x00000252cec0c800 Implicit null exception at 0x00000252db9808f0 to 0x00000252db9809bc

Events (20 events):
Event: 4.407 loading class org/jetbrains/kotlin/util/slicedMap/OpenAddressLinearProbingHashTableKt
Event: 4.407 loading class org/jetbrains/kotlin/util/slicedMap/OpenAddressLinearProbingHashTableKt done
Event: 4.408 loading class org/jetbrains/kotlin/com/intellij/psi/util/PsiTreeUtil
Event: 4.408 loading class org/jetbrains/kotlin/com/intellij/psi/util/PsiTreeUtil done
Event: 4.409 loading class org/jetbrains/kotlin/com/intellij/psi/search/PsiElementProcessor
Event: 4.409 loading class org/jetbrains/kotlin/com/intellij/psi/search/PsiElementProcessor done
Event: 4.409 loading class org/jetbrains/kotlin/com/intellij/psi/search/PsiElementProcessor$FindElement
Event: 4.409 loading class org/jetbrains/kotlin/com/intellij/psi/search/PsiElementProcessor$FindElement done
Event: 4.409 loading class org/jetbrains/kotlin/com/intellij/psi/util/PsiTreeUtil$1
Event: 4.409 loading class org/jetbrains/kotlin/com/intellij/psi/util/PsiTreeUtil$1 done
Event: 4.410 loading class org/jetbrains/kotlin/com/intellij/psi/util/PsiTreeUtil$4
Event: 4.410 loading class org/jetbrains/kotlin/com/intellij/psi/util/PsiTreeUtil$4 done
Event: 4.410 loading class org/jetbrains/kotlin/com/intellij/psi/util/PsiTreeUtil$2
Event: 4.410 loading class org/jetbrains/kotlin/com/intellij/psi/util/PsiTreeUtil$2 done
Event: 4.410 loading class org/jetbrains/kotlin/com/intellij/psi/search/PsiElementProcessor$CollectElements
Event: 4.410 loading class org/jetbrains/kotlin/com/intellij/psi/search/PsiElementProcessor$CollectElements done
Event: 4.410 loading class org/jetbrains/kotlin/com/intellij/psi/util/PsiTreeUtil$3
Event: 4.410 loading class org/jetbrains/kotlin/com/intellij/psi/util/PsiTreeUtil$3 done
Event: 4.411 loading class org/jetbrains/kotlin/psi/psiUtil/KtPsiUtilKt
Event: 4.411 loading class org/jetbrains/kotlin/psi/psiUtil/KtPsiUtilKt done


Dynamic libraries:
0x00007ff6cae00000 - 0x00007ff6cae0a000 	C:\Program Files\Android\Android Studio\jre\bin\java.exe
0x00007ff954d40000 - 0x00007ff954f30000 	C:\Windows\SYSTEM32\ntdll.dll
0x00007ff953fd0000 - 0x00007ff954082000 	C:\Windows\System32\KERNEL32.DLL
0x00007ff952a10000 - 0x00007ff952cb5000 	C:\Windows\System32\KERNELBASE.dll
0x00007ff952cc0000 - 0x00007ff952dba000 	C:\Windows\System32\ucrtbase.dll
0x00007ff93c9c0000 - 0x00007ff93c9d7000 	C:\Program Files\Android\Android Studio\jre\bin\VCRUNTIME140.dll
0x00007ff93c5f0000 - 0x00007ff93c609000 	C:\Program Files\Android\Android Studio\jre\bin\jli.dll
0x00007ff953a80000 - 0x00007ff953c14000 	C:\Windows\System32\USER32.dll
0x00007ff951de0000 - 0x00007ff951e01000 	C:\Windows\System32\win32u.dll
0x00007ff954bf0000 - 0x00007ff954c16000 	C:\Windows\System32\GDI32.dll
0x00007ff952720000 - 0x00007ff9528b8000 	C:\Windows\System32\gdi32full.dll
0x00007ff9528c0000 - 0x00007ff95295e000 	C:\Windows\System32\msvcp_win.dll
0x00007ff9510b0000 - 0x00007ff951334000 	C:\Windows\WinSxS\amd64_microsoft.windows.common-controls_6595b64144ccf1df_6.0.18362.1556_none_9e7e372fe45e41d5\COMCTL32.dll
0x00007ff953d80000 - 0x00007ff953e1e000 	C:\Windows\System32\msvcrt.dll
0x00007ff9534b0000 - 0x00007ff9537e6000 	C:\Windows\System32\combase.dll
0x00007ff9548b0000 - 0x00007ff9549cf000 	C:\Windows\System32\RPCRT4.dll
0x00007ff952610000 - 0x00007ff952691000 	C:\Windows\System32\bcryptPrimitives.dll
0x00007ff954ca0000 - 0x00007ff954cce000 	C:\Windows\System32\IMM32.DLL
0x00007ff918580000 - 0x00007ff91861d000 	C:\Program Files\Android\Android Studio\jre\bin\msvcp140.dll
0x00007ff904fd0000 - 0x00007ff905a8c000 	C:\Program Files\Android\Android Studio\jre\bin\server\jvm.dll
0x00007ff9549f0000 - 0x00007ff954a93000 	C:\Windows\System32\ADVAPI32.dll
0x00007ff9537f0000 - 0x00007ff953887000 	C:\Windows\System32\sechost.dll
0x00007ff953fc0000 - 0x00007ff953fc8000 	C:\Windows\System32\PSAPI.DLL
0x00007ff92def0000 - 0x00007ff92def9000 	C:\Windows\SYSTEM32\WSOCK32.dll
0x00007ff954090000 - 0x00007ff9540ff000 	C:\Windows\System32\WS2_32.dll
0x00007ff94f9a0000 - 0x00007ff94f9aa000 	C:\Windows\SYSTEM32\VERSION.dll
0x00007ff94c890000 - 0x00007ff94c8b4000 	C:\Windows\SYSTEM32\WINMM.dll
0x00007ff94c860000 - 0x00007ff94c88d000 	C:\Windows\SYSTEM32\winmmbase.dll
0x00007ff9526d0000 - 0x00007ff95271a000 	C:\Windows\System32\cfgmgr32.dll
0x00007ff951c60000 - 0x00007ff951c71000 	C:\Windows\System32\kernel.appcore.dll
0x00007ff948670000 - 0x00007ff948681000 	C:\Program Files\Android\Android Studio\jre\bin\verify.dll
0x00007ff951610000 - 0x00007ff951804000 	C:\Windows\SYSTEM32\DBGHELP.DLL
0x00007ff9515e0000 - 0x00007ff95160a000 	C:\Windows\SYSTEM32\dbgcore.DLL
0x00007ff93c760000 - 0x00007ff93c789000 	C:\Program Files\Android\Android Studio\jre\bin\java.dll
0x00007ff94c140000 - 0x00007ff94c14b000 	C:\Program Files\Android\Android Studio\jre\bin\jimage.dll
0x00007ff948600000 - 0x00007ff948618000 	C:\Program Files\Android\Android Studio\jre\bin\zip.dll
0x00007ff952dc0000 - 0x00007ff9534a7000 	C:\Windows\System32\SHELL32.dll
0x00007ff953e20000 - 0x00007ff953ec8000 	C:\Windows\System32\shcore.dll
0x00007ff951e10000 - 0x00007ff95258b000 	C:\Windows\System32\windows.storage.dll
0x00007ff951bf0000 - 0x00007ff951c0e000 	C:\Windows\System32\profapi.dll
0x00007ff951c10000 - 0x00007ff951c5a000 	C:\Windows\System32\powrprof.dll
0x00007ff951bc0000 - 0x00007ff951bd0000 	C:\Windows\System32\UMPDC.dll
0x00007ff954c40000 - 0x00007ff954c92000 	C:\Windows\System32\shlwapi.dll
0x00007ff9525f0000 - 0x00007ff952607000 	C:\Windows\System32\cryptsp.dll
0x00007ff9485c0000 - 0x00007ff9485da000 	C:\Program Files\Android\Android Studio\jre\bin\net.dll
0x00007ff94c9c0000 - 0x00007ff94caba000 	C:\Windows\SYSTEM32\WINHTTP.dll
0x00007ff950d50000 - 0x00007ff950db7000 	C:\Windows\system32\mswsock.dll
0x00007ff945ab0000 - 0x00007ff945ac4000 	C:\Program Files\Android\Android Studio\jre\bin\nio.dll

dbghelp: loaded successfully - version: 4.0.5 - missing functions: none
symbol engine: initialized successfully - sym options: 0x614 - pdb path: .;C:\Program Files\Android\Android Studio\jre\bin;C:\Windows\SYSTEM32;C:\Windows\WinSxS\amd64_microsoft.windows.common-controls_6595b64144ccf1df_6.0.18362.1556_none_9e7e372fe45e41d5;C:\Program Files\Android\Android Studio\jre\bin\server

VM Arguments:
java_command: org.jetbrains.kotlin.cli.jvm.K2JVMCompiler @C:\Users\apurv-11618\AndroidStudioProjects\ZOLX\app\build\20220128_9872012846482246999.compiler.options
java_class_path (initial): C:\Users\apurv-11618\.gradle\caches\modules-2\files-2.1\org.jetbrains.kotlin\kotlin-compiler-embeddable\1.5.20\1900e8b9aca0a9caffd45b99b36e3720a0a284f8\kotlin-compiler-embeddable-1.5.20.jar;C:\Users\apurv-11618\.gradle\caches\modules-2\files-2.1\org.jetbrains.kotlin\kotlin-reflect\1.5.20\63810951f09a27f7827977f1bc21094042a915e\kotlin-reflect-1.5.20.jar;C:\Users\apurv-11618\.gradle\caches\modules-2\files-2.1\org.jetbrains.kotlin\kotlin-stdlib\1.5.20\9de35cc611bcecec8edce1d56d8e659953806751\kotlin-stdlib-1.5.20.jar;C:\Users\apurv-11618\.gradle\caches\modules-2\files-2.1\org.jetbrains.kotlin\kotlin-script-runtime\1.5.20\4381bb58d37b84d4d1afe55ec35542dd9b77e101\kotlin-script-runtime-1.5.20.jar;C:\Users\apurv-11618\.gradle\caches\modules-2\files-2.1\org.jetbrains.kotlin\kotlin-daemon-embeddable\1.5.20\36c38cda019834dcd2959cc33a12768adcd94256\kotlin-daemon-embeddable-1.5.20.jar;C:\Users\apurv-11618\.gradle\caches\modules-2\files-2.1\org.jetbrains.intellij.deps\trove4j\1.0.20181211\216c2e14b070f334479d800987affe4054cd563f\trove4j-1.0.20181211.jar;C:\Users\apurv-11618\.gradle\caches\modules-2\files-2.1\org.jetbrains\annotations\13.0\919f0dfe192fb4e063e7dacadee7f8bb9a2672a9\annotations-13.0.jar;C:\Users\apurv-11618\.gradle\caches\modules-2\files-2.1\org.jetbrains.kotlin\kotlin-stdlib-common\1.5.20\3d79dbd48bf605f4aac1e7028981a1953e245cbb\kotlin-stdlib-common-1.5.20.jar
Launcher Type: SUN_STANDARD

[Global flags]
     intx CICompilerCount                          = 4                                         {product} {ergonomic}
     uint ConcGCThreads                            = 3                                         {product} {ergonomic}
     uint G1ConcRefinementThreads                  = 10                                        {product} {ergonomic}
   size_t G1HeapRegionSize                         = 1048576                                   {product} {ergonomic}
    uintx GCDrainStackTargetSize                   = 64                                        {product} {ergonomic}
   size_t InitialHeapSize                          = 264241152                                 {product} {ergonomic}
   size_t MarkStackSize                            = 4194304                                   {product} {ergonomic}
   size_t MaxHeapSize                              = 4221566976                                {product} {ergonomic}
   size_t MaxNewSize                               = 2532311040                                {product} {ergonomic}
   size_t MinHeapDeltaBytes                        = 1048576                                   {product} {ergonomic}
    uintx NonNMethodCodeHeapSize                   = 5836300                                {pd product} {ergonomic}
    uintx NonProfiledCodeHeapSize                  = 122910970                              {pd product} {ergonomic}
    uintx ProfiledCodeHeapSize                     = 122910970                              {pd product} {ergonomic}
    uintx ReservedCodeCacheSize                    = 251658240                              {pd product} {ergonomic}
     bool SegmentedCodeCache                       = true                                      {product} {ergonomic}
     bool UseCompressedClassPointers               = true                                 {lp64_product} {ergonomic}
     bool UseCompressedOops                        = true                                 {lp64_product} {ergonomic}
     bool UseG1GC                                  = true                                      {product} {ergonomic}
     bool UseLargePagesIndividualAllocation        = false                                  {pd product} {ergonomic}

Logging:
Log output configuration:
 #0: stdout all=warning uptime,level,tags
 #1: stderr all=off uptime,level,tags

Environment Variables:
JAVA_HOME=C:\Program Files\Java\jdk-16.0.1
PATH=C:\Program Files\Common Files\Oracle\Java\javapath;C:\Program Files (x86)\Common Files\Oracle\Java\javapath;C:\Program Files\Python38\Scripts\;C:\Program Files\Python38\;C:\Windows\system32;C:\Windows;C:\Windows\System32\Wbem;C:\Windows\System32\WindowsPowerShell\v1.0\;C:\Windows\System32\OpenSSH\;C:\Program Files\Intel\WiFi\bin\;C:\Program Files\Common Files\Intel\WirelessCommon\;C:\Program Files\Java\jdk-16.0.1\bin;C:\Users\apurv-11618\AppData\Local\Android\Sdk\platform-tools\;C:\Program Files\Git\cmd;C:\Users\apurv-11618\AppData\Local\Microsoft\WindowsApps;C:\Program Files\JetBrains\IntelliJ IDEA Community Edition 2021.1.1\bin;
USERNAME=apurv-11618
OS=Windows_NT
PROCESSOR_IDENTIFIER=Intel64 Family 6 Model 158 Stepping 13, GenuineIntel



---------------  S Y S T E M  ---------------

OS: Windows 10 , 64 bit Build 18362 (10.0.18362.1500)
OS uptime: 55 days 23:53 hours

CPU:total 12 (initial active 12) (6 cores per cpu, 2 threads per core) family 6 model 158 stepping 13, cmov, cx8, fxsr, mmx, sse, sse2, sse3, ssse3, sse4.1, sse4.2, popcnt, avx, avx2, aes, clmul, erms, 3dnowpref, lzcnt, ht, tsc, tscinvbit, bmi1, bmi2, adx, fma

Memory: 4k page, system-wide physical 16102M (1471M free)
TotalPageFile size 38525M (AvailPageFile size 0M)
current process WorkingSet (physical memory assigned to process): 244M, peak: 244M
current process commit charge ("private bytes"): 450M, peak: 451M

vm_info: OpenJDK 64-Bit Server VM (11.0.8+10-b944.6842174) for windows-amd64 JRE (11.0.8+10-b944.6842174), built on Sep 19 2020 01:11:42 by "builder" with MS VC++ 14.0 (VS2015)

END.
